[    0.000000] Initializing cgroup subsys cpuset
[    0.000000] Initializing cgroup subsys cpu
[    0.000000] Initializing cgroup subsys cpuacct
[    0.000000] Linux version 4.4.0-210-generic (buildd@lgw01-amd64-009) (gcc version 5.4.0 20160609 (Ubuntu 5.4.0-6ubuntu1~16.04.12) ) #242-Ubuntu SMP Fri Apr 16 09:57:56 UTC 2021 (Ubuntu 4.4.0-210.242-generic 4.4.262)
[    0.000000] Command line: BOOT_IMAGE=/boot/vmlinuz-4.4.0-210-generic root=LABEL=cloudimg-rootfs ro console=tty1 console=ttyS0
[    0.000000] KERNEL supported cpus:
[    0.000000]   Intel GenuineIntel
[    0.000000]   AMD AuthenticAMD
[    0.000000]   Centaur CentaurHauls
[    0.000000] x86/fpu: xstate_offset[2]:  576, xstate_sizes[2]:  256
[    0.000000] x86/fpu: Supporting XSAVE feature 0x01: 'x87 floating point registers'
[    0.000000] x86/fpu: Supporting XSAVE feature 0x02: 'SSE registers'
[    0.000000] x86/fpu: Supporting XSAVE feature 0x04: 'AVX registers'
[    0.000000] x86/fpu: Enabled xstate features 0x7, context size is 832 bytes, using 'standard' format.
[    0.000000] e820: BIOS-provided physical RAM map:
[    0.000000] BIOS-e820: [mem 0x0000000000000000-0x000000000009fbff] usable
[    0.000000] BIOS-e820: [mem 0x000000000009fc00-0x000000000009ffff] reserved
[    0.000000] BIOS-e820: [mem 0x00000000000f0000-0x00000000000fffff] reserved
[    0.000000] BIOS-e820: [mem 0x0000000000100000-0x000000003ffeffff] usable
[    0.000000] BIOS-e820: [mem 0x000000003fff0000-0x000000003fffffff] ACPI data
[    0.000000] BIOS-e820: [mem 0x00000000fec00000-0x00000000fec00fff] reserved
[    0.000000] BIOS-e820: [mem 0x00000000fee00000-0x00000000fee00fff] reserved
[    0.000000] BIOS-e820: [mem 0x00000000fffc0000-0x00000000ffffffff] reserved
[    0.000000] NX (Execute Disable) protection: active
[    0.000000] SMBIOS 2.5 present.
[    0.000000] Hypervisor detected: KVM
[    0.000000] e820: last_pfn = 0x3fff0 max_arch_pfn = 0x400000000
[    0.000000] MTRR: Disabled
[    0.000000] x86/PAT: MTRRs disabled, skipping PAT initialization too.
[    0.000000] CPU MTRRs all blank - virtualized system.
[    0.000000] x86/PAT: Configuration [0-7]: WB  WT  UC- UC  WB  WT  UC- UC  
[    0.000000] found SMP MP-table at [mem 0x0009fff0-0x0009ffff] mapped at [ffff88000009fff0]
[    0.000000] Scanning 1 areas for low memory corruption
[    0.000000] RAMDISK: [mem 0x362de000-0x37166fff]
[    0.000000] ACPI: Early table checksum verification disabled
[    0.000000] ACPI: RSDP 0x00000000000E0000 000024 (v02 VBOX  )
[    0.000000] ACPI: XSDT 0x000000003FFF0030 00003C (v01 VBOX   VBOXXSDT 00000001 ASL  00000061)
[    0.000000] ACPI: FACP 0x000000003FFF00F0 0000F4 (v04 VBOX   VBOXFACP 00000001 ASL  00000061)
[    0.000000] ACPI: DSDT 0x000000003FFF0470 002325 (v02 VBOX   VBOXBIOS 00000002 INTL 20190509)
[    0.000000] ACPI: FACS 0x000000003FFF0200 000040
[    0.000000] ACPI: FACS 0x000000003FFF0200 000040
[    0.000000] ACPI: APIC 0x000000003FFF0240 00005C (v02 VBOX   VBOXAPIC 00000001 ASL  00000061)
[    0.000000] ACPI: SSDT 0x000000003FFF02A0 0001CC (v01 VBOX   VBOXCPUT 00000002 INTL 20190509)
[    0.000000] No NUMA configuration found
[    0.000000] Faking a node at [mem 0x0000000000000000-0x000000003ffeffff]
[    0.000000] NODE_DATA(0) allocated [mem 0x3ffeb000-0x3ffeffff]
[    0.000000] kvm-clock: Using msrs 4b564d01 and 4b564d00
[    0.000000] kvm-clock: cpu 0, msr 0:3ffe3001, primary cpu clock
[    0.000000] kvm-clock: using sched offset of 3297368399 cycles
[    0.000000] clocksource: kvm-clock: mask: 0xffffffffffffffff max_cycles: 0x1cd42e4dffb, max_idle_ns: 881590591483 ns
[    0.000000] Zone ranges:
[    0.000000]   DMA      [mem 0x0000000000001000-0x0000000000ffffff]
[    0.000000]   DMA32    [mem 0x0000000001000000-0x000000003ffeffff]
[    0.000000]   Normal   empty
[    0.000000]   Device   empty
[    0.000000] Movable zone start for each node
[    0.000000] Early memory node ranges
[    0.000000]   node   0: [mem 0x0000000000001000-0x000000000009efff]
[    0.000000]   node   0: [mem 0x0000000000100000-0x000000003ffeffff]
[    0.000000] Initmem setup node 0 [mem 0x0000000000001000-0x000000003ffeffff]
[    0.000000] ACPI: PM-Timer IO Port: 0x4008
[    0.000000] IOAPIC[0]: apic_id 2, version 32, address 0xfec00000, GSI 0-23
[    0.000000] ACPI: INT_SRC_OVR (bus 0 bus_irq 0 global_irq 2 dfl dfl)
[    0.000000] ACPI: INT_SRC_OVR (bus 0 bus_irq 9 global_irq 9 low level)
[    0.000000] Using ACPI (MADT) for SMP configuration information
[    0.000000] smpboot: Allowing 2 CPUs, 0 hotplug CPUs
[    0.000000] PM: Registered nosave memory: [mem 0x00000000-0x00000fff]
[    0.000000] PM: Registered nosave memory: [mem 0x0009f000-0x0009ffff]
[    0.000000] PM: Registered nosave memory: [mem 0x000a0000-0x000effff]
[    0.000000] PM: Registered nosave memory: [mem 0x000f0000-0x000fffff]
[    0.000000] e820: [mem 0x40000000-0xfebfffff] available for PCI devices
[    0.000000] Booting paravirtualized kernel on KVM
[    0.000000] clocksource: refined-jiffies: mask: 0xffffffff max_cycles: 0xffffffff, max_idle_ns: 7645519600211568 ns
[    0.000000] setup_percpu: NR_CPUS:512 nr_cpumask_bits:512 nr_cpu_ids:2 nr_node_ids:1
[    0.000000] PERCPU: Embedded 33 pages/cpu @ffff88003fc00000 s95192 r8192 d31784 u1048576
[    0.000000] Built 1 zonelists in Node order, mobility grouping on.  Total pages: 257912
[    0.000000] Policy zone: DMA32
[    0.000000] Kernel command line: BOOT_IMAGE=/boot/vmlinuz-4.4.0-210-generic root=LABEL=cloudimg-rootfs ro console=tty1 console=ttyS0
[    0.000000] PID hash table entries: 4096 (order: 3, 32768 bytes)
[    0.000000] Memory: 997796K/1048120K available (8644K kernel code, 1332K rwdata, 4044K rodata, 1492K init, 1164K bss, 50324K reserved, 0K cma-reserved)
[    0.000000] SLUB: HWalign=64, Order=0-3, MinObjects=0, CPUs=2, Nodes=1
[    0.000000] Kernel/User page tables isolation: enabled
[    0.000000] Hierarchical RCU implementation.
[    0.000000] 	Build-time adjustment of leaf fanout to 64.
[    0.000000] 	RCU restricting CPUs from NR_CPUS=512 to nr_cpu_ids=2.
[    0.000000] RCU: Adjusting geometry for rcu_fanout_leaf=64, nr_cpu_ids=2
[    0.000000] NR_IRQS:33024 nr_irqs:440 16
[    0.000000] Console: colour VGA+ 80x25
[    0.000000] console [tty1] enabled
[    0.000000] console [ttyS0] enabled
[    0.000000] tsc: Detected 4007.996 MHz processor
[    0.156485] Calibrating delay loop (skipped) preset value.. 8015.99 BogoMIPS (lpj=16031984)
[    0.158196] pid_max: default: 32768 minimum: 301
[    0.159156] ACPI: Core revision 20150930
[    0.163657] ACPI: 2 ACPI AML tables successfully acquired and loaded
[    0.165388] Security Framework initialized
[    0.166241] Yama: becoming mindful.
[    0.166998] AppArmor: AppArmor initialized
[    0.168112] Dentry cache hash table entries: 131072 (order: 8, 1048576 bytes)
[    0.170172] Inode-cache hash table entries: 65536 (order: 7, 524288 bytes)
[    0.171566] Mount-cache hash table entries: 2048 (order: 2, 16384 bytes)
[    0.172810] Mountpoint-cache hash table entries: 2048 (order: 2, 16384 bytes)
[    0.174215] Initializing cgroup subsys io
[    0.175147] Initializing cgroup subsys memory
[    0.176164] Initializing cgroup subsys devices
[    0.177405] Initializing cgroup subsys freezer
[    0.178589] Initializing cgroup subsys net_cls
[    0.180035] Initializing cgroup subsys perf_event
[    0.180951] Initializing cgroup subsys net_prio
[    0.181861] Initializing cgroup subsys hugetlb
[    0.182877] Initializing cgroup subsys pids
[    0.193631] mce: CPU supports 0 MCE banks
[    0.194547] Last level iTLB entries: 4KB 64, 2MB 8, 4MB 8
[    0.195844] Last level dTLB entries: 4KB 64, 2MB 0, 4MB 0, 1GB 4
[    0.197038] Spectre V1 : Mitigation: usercopy/swapgs barriers and __user pointer sanitization
[    0.200177] Spectre V2 : Mitigation: Full generic retpoline
[    0.203048] Spectre V2 : Spectre v2 / SpectreRSB mitigation: Filling RSB on context switch
[    0.204701] Speculative Store Bypass: Vulnerable
[    0.205621] SRBDS: Unknown: Dependent on hypervisor status
[    0.206742] MDS: Mitigation: Clear CPU buffers
[    0.210280] Freeing SMP alternatives memory: 36K
[    0.219960] ftrace: allocating 32380 entries in 127 pages
[    0.276843] smpboot: APIC(0) Converting physical 0 to logical package 0
[    0.278166] smpboot: Max logical packages: 1
[    0.279437] x2apic enabled
[    0.282989] Switched APIC routing to physical x2apic.
[    0.285565] ..TIMER: vector=0x30 apic1=0 pin1=2 apic2=-1 pin2=-1
[    0.397450] smpboot: CPU0: Intel(R) Core(TM) i7-6700K CPU @ 4.00GHz (family: 0x6, model: 0x5e, stepping: 0x3)
[    0.400548] Performance Events: unsupported p6 CPU model 94 no PMU driver, software events only.
[    0.412566] KVM setup paravirtual spinlock
[    0.414437] x86: Booting SMP configuration:
[    0.415373] .... node  #0, CPUs:      #1
[    0.447671] kvm-clock: cpu 1, msr 0:3ffe3041, secondary cpu clock
[    0.458752] mce: CPU supports 0 MCE banks
[    0.473638] x86: Booted up 1 node, 2 CPUs
[    0.474814] smpboot: Total of 2 processors activated (16031.98 BogoMIPS)
[    0.476635] devtmpfs: initialized
[    0.479388] evm: security.selinux
[    0.480294] evm: security.SMACK64
[    0.481244] evm: security.SMACK64EXEC
[    0.482061] evm: security.SMACK64TRANSMUTE
[    0.483059] evm: security.SMACK64MMAP
[    0.483962] evm: security.ima
[    0.484640] evm: security.capability
[    0.486876] clocksource: jiffies: mask: 0xffffffff max_cycles: 0xffffffff, max_idle_ns: 7645041785100000 ns
[    0.489499] futex hash table entries: 512 (order: 3, 32768 bytes)
[    0.490810] pinctrl core: initialized pinctrl subsystem
[    0.491994] RTC time: 13:45:07, date: 04/30/21
[    0.493228] NET: Registered protocol family 16
[    0.504448] cpuidle: using governor ladder
[    0.514978] cpuidle: using governor menu
[    0.515820] PCCT header not found.
[    0.516624] ACPI: bus type PCI registered
[    0.517558] acpiphp: ACPI Hot Plug PCI Controller Driver version: 0.5
[    0.518816] PCI: Using configuration type 1 for base access
[    0.536023] ACPI: Added _OSI(Module Device)
[    0.536764] ACPI: Added _OSI(Processor Device)
[    0.537524] ACPI: Added _OSI(3.0 _SCP Extensions)
[    0.538313] ACPI: Added _OSI(Processor Aggregator Device)
[    0.541334] ACPI: Executed 1 blocks of module-level executable AML code
[    0.546436] ACPI: Interpreter enabled
[    0.547577] ACPI: (supports S0 S5)
[    0.548506] ACPI: Using IOAPIC for interrupt routing
[    0.549770] PCI: Using host bridge windows from ACPI; if necessary, use "pci=nocrs" and report a bug
[    0.555976] ACPI: PCI Root Bridge [PCI0] (domain 0000 [bus 00-ff])
[    0.557139] acpi PNP0A03:00: _OSC: OS supports [ASPM ClockPM Segments MSI]
[    0.560463] acpi PNP0A03:00: _OSC: not requesting OS control; OS requires [ExtendedConfig ASPM ClockPM MSI]
[    0.563561] acpi PNP0A03:00: fail to add MMCONFIG information, can't access extended PCI configuration space under this bridge.
[    0.571376] PCI host bridge to bus 0000:00
[    0.572559] pci_bus 0000:00: root bus resource [io  0x0000-0x0cf7 window]
[    0.573788] pci_bus 0000:00: root bus resource [io  0x0d00-0xffff window]
[    0.575053] pci_bus 0000:00: root bus resource [mem 0x000a0000-0x000bffff window]
[    0.576824] pci_bus 0000:00: root bus resource [mem 0x40000000-0xfdffffff window]
[    0.579003] pci_bus 0000:00: root bus resource [bus 00-ff]
[    0.582577] pci 0000:00:01.1: legacy IDE quirk: reg 0x10: [io  0x01f0-0x01f7]
[    0.584247] pci 0000:00:01.1: legacy IDE quirk: reg 0x14: [io  0x03f6]
[    0.585406] pci 0000:00:01.1: legacy IDE quirk: reg 0x18: [io  0x0170-0x0177]
[    0.598536] pci 0000:00:01.1: legacy IDE quirk: reg 0x1c: [io  0x0376]
[    0.635692] pci 0000:00:07.0: quirk: [io  0x4000-0x403f] claimed by PIIX4 ACPI
[    0.639482] pci 0000:00:07.0: quirk: [io  0x4100-0x410f] claimed by PIIX4 SMB
[    0.653492] ACPI: PCI Interrupt Link [LNKA] (IRQs 5 9 10 *11)
[    0.655394] ACPI: PCI Interrupt Link [LNKB] (IRQs 5 9 *10 11)
[    0.659725] ACPI: PCI Interrupt Link [LNKC] (IRQs 5 *9 10 11)
[    0.661710] ACPI: PCI Interrupt Link [LNKD] (IRQs 5 9 10 *11)
[    0.663350] ACPI: Enabled 2 GPEs in block 00 to 07
[    0.664887] vgaarb: setting as boot device: PCI:0000:00:02.0
[    0.665945] vgaarb: device added: PCI:0000:00:02.0,decodes=io+mem,owns=io+mem,locks=none
[    0.667656] vgaarb: loaded
[    0.668687] vgaarb: bridge control possible 0000:00:02.0
[    0.669962] SCSI subsystem initialized
[    0.670943] ACPI: bus type USB registered
[    0.672601] usbcore: registered new interface driver usbfs
[    0.674597] usbcore: registered new interface driver hub
[    0.676733] usbcore: registered new device driver usb
[    0.681697] PCI: Using ACPI for IRQ routing
[    0.683498] NetLabel: Initializing
[    0.684447] NetLabel:  domain hash size = 128
[    0.685594] NetLabel:  protocols = UNLABELED CIPSOv4
[    0.686583] NetLabel:  unlabeled traffic allowed by default
[    0.688506] amd_nb: Cannot enumerate AMD northbridges
[    0.690547] clocksource: Switched to clocksource kvm-clock
[    0.701163] AppArmor: AppArmor Filesystem Enabled
[    0.702339] pnp: PnP ACPI init
[    0.703444] pnp: PnP ACPI: found 3 devices
[    0.723289] clocksource: acpi_pm: mask: 0xffffff max_cycles: 0xffffff, max_idle_ns: 2085701024 ns
[    0.725172] NET: Registered protocol family 2
[    0.726564] TCP established hash table entries: 8192 (order: 4, 65536 bytes)
[    0.734822] TCP bind hash table entries: 8192 (order: 5, 131072 bytes)
[    0.736556] TCP: Hash tables configured (established 8192 bind 8192)
[    0.737819] UDP hash table entries: 512 (order: 2, 16384 bytes)
[    0.738929] UDP-Lite hash table entries: 512 (order: 2, 16384 bytes)
[    0.740642] NET: Registered protocol family 1
[    0.742120] pci 0000:00:00.0: Limiting direct PCI/PCI transfers
[    0.744115] pci 0000:00:01.0: Activating ISA DMA hang workarounds
[    0.751694] Unpacking initramfs...
[    0.998782] Freeing initrd memory: 14884K
[    1.000352] clocksource: tsc: mask: 0xffffffffffffffff max_cycles: 0x39c5ded8016, max_idle_ns: 440795406786 ns
[    1.007331] platform rtc_cmos: registered platform RTC device (no PNP device found)
[    1.009245] Scanning for low memory corruption every 60 seconds
[    1.012078] audit: initializing netlink subsys (disabled)
[    1.013252] audit: type=2000 audit(1619790313.086:1): initialized
[    1.014941] Initialise system trusted keyring
[    1.016399] HugeTLB registered 2 MB page size, pre-allocated 0 pages
[    1.018873] zbud: loaded
[    1.019946] VFS: Disk quotas dquot_6.6.0
[    1.021154] VFS: Dquot-cache hash table entries: 512 (order 0, 4096 bytes)
[    1.022730] squashfs: version 4.0 (2009/01/31) Phillip Lougher
[    1.024342] fuse init (API version 7.23)
[    1.025553] Key type big_key registered
[    1.028144] Allocating IMA MOK and blacklist keyrings.
[    1.031339] Key type asymmetric registered
[    1.032235] Asymmetric key parser 'x509' registered
[    1.033322] Block layer SCSI generic (bsg) driver version 0.4 loaded (major 249)
[    1.038001] io scheduler noop registered
[    1.039006] io scheduler deadline registered (default)
[    1.039875] io scheduler cfq registered
[    1.040676] pci_hotplug: PCI Hot Plug PCI Core version: 0.5
[    1.042539] pciehp: PCI Express Hot Plug Controller Driver version: 0.4
[    1.044226] ACPI: AC Adapter [AC] (on-line)
[    1.045306] input: Power Button as /devices/LNXSYSTM:00/LNXPWRBN:00/input/input0
[    1.047025] ACPI: Power Button [PWRF]
[    1.048579] input: Sleep Button as /devices/LNXSYSTM:00/LNXSLPBN:00/input/input1
[    1.051156] ACPI: Sleep Button [SLPF]
[    1.055819] GHES: HEST is not enabled!
[    1.057367] Serial: 8250/16550 driver, 32 ports, IRQ sharing enabled
[    1.079413] 00:02: ttyS0 at I/O 0x3f8 (irq = 4, base_baud = 115200) is a 16550A
[    1.082354] Linux agpgart interface v0.103
[    1.085274] loop: module loaded
[    1.086748] scsi host0: ata_piix
[    1.091940] scsi host1: ata_piix
[    1.093001] ata1: PATA max UDMA/33 cmd 0x1f0 ctl 0x3f6 bmdma 0xd000 irq 14
[    1.094478] ata2: PATA max UDMA/33 cmd 0x170 ctl 0x376 bmdma 0xd008 irq 15
[    1.098203] libphy: Fixed MDIO Bus: probed
[    1.099739] tun: Universal TUN/TAP device driver, 1.6
[    1.101299] tun: (C) 1999-2004 Max Krasnyansky <maxk@qualcomm.com>
[    1.102780] PPP generic driver version 2.4.2
[    1.104249] ehci_hcd: USB 2.0 'Enhanced' Host Controller (EHCI) Driver
[    1.106281] ehci-pci: EHCI PCI platform driver
[    1.107684] ehci-platform: EHCI generic platform driver
[    1.108700] ohci_hcd: USB 1.1 'Open' Host Controller (OHCI) Driver
[    1.109934] ohci-pci: OHCI PCI platform driver
[    1.110942] ohci-platform: OHCI generic platform driver
[    1.112216] uhci_hcd: USB Universal Host Controller Interface driver
[    1.113597] i8042: PNP: PS/2 Controller [PNP0303:PS2K,PNP0f03:PS2M] at 0x60,0x64 irq 1,12
[    1.115711] serio: i8042 KBD port at 0x60,0x64 irq 1
[    1.116815] serio: i8042 AUX port at 0x60,0x64 irq 12
[    1.118166] mousedev: PS/2 mouse device common for all mice
[    1.119653] input: AT Translated Set 2 keyboard as /devices/platform/i8042/serio0/input/input2
[    1.122726] rtc_cmos rtc_cmos: rtc core: registered rtc_cmos as rtc0
[    1.123969] rtc_cmos rtc_cmos: alarms up to one day, 114 bytes nvram
[    1.128060] i2c /dev entries driver
[    1.129347] device-mapper: uevent: version 1.0.3
[    1.130922] device-mapper: ioctl: 4.34.0-ioctl (2015-10-28) initialised: dm-devel@redhat.com
[    1.133387] ledtrig-cpu: registered to indicate activity on CPUs
[    1.135261] NET: Registered protocol family 10
[    1.136413] NET: Registered protocol family 17
[    1.137754] Key type dns_resolver registered
[    1.139121] registered taskstats version 1
[    1.139753] Loading compiled-in X.509 certificates
[    1.141207] Loaded X.509 cert 'Build time autogenerated kernel key: cf00e047681d67edb2720680708b7d9498083038'
[    1.144390] zswap: loaded using pool lzo/zbud
[    1.147769] Key type trusted registered
[    1.153803] Key type encrypted registered
[    1.154995] AppArmor: AppArmor sha1 policy hashing enabled
[    1.156540] ima: No TPM chip found, activating TPM-bypass!
[    1.158089] ima: Allocated hash algorithm: sha1
[    1.159703] evm: HMAC attrs: 0x1
[    1.162708]   Magic number: 1:856:787
[    1.163614] rtc_cmos rtc_cmos: setting system clock to 2021-04-30 13:45:08 UTC (1619790308)
[    1.173304] BIOS EDD facility v0.16 2004-Jun-25, 0 devices found
[    1.174434] EDD information not available.
[    1.497063] Freeing unused kernel memory: 1492K
[    1.498515] Write protecting the kernel read-only data: 14336k
[    1.500310] Freeing unused kernel memory: 1584K
[    1.502894] Freeing unused kernel memory: 52K
Loading, please wait...
starting version 229
[    1.557860] random: systemd-udevd: uninitialized urandom read (16 bytes read, 3 bits of entropy available)
[    1.558820] random: udevadm: uninitialized urandom read (16 bytes read, 3 bits of entropy available)
[    1.558848] random: udevadm: uninitialized urandom read (16 bytes read, 3 bits of entropy available)
[    1.570989] random: udevadm: uninitialized urandom read (16 bytes read, 3 bits of entropy available)
[    1.571065] random: udevadm: uninitialized urandom read (16 bytes read, 3 bits of entropy available)
[    1.571251] random: udevadm: uninitialized urandom read (16 bytes read, 3 bits of entropy available)
[    1.571326] random: udevadm: uninitialized urandom read (16 bytes read, 3 bits of entropy available)
[    1.571394] random: udevadm: uninitialized urandom read (16 bytes read, 3 bits of entropy available)
[    1.571462] random: udevadm: uninitialized urandom read (16 bytes read, 3 bits of entropy available)
[    1.571555] random: udevadm: uninitialized urandom read (16 bytes read, 3 bits of entropy available)
[    1.652122] Fusion MPT base driver 3.04.20
[    1.653167] Copyright (c) 1999-2008 LSI Corporation
[    1.654172] e1000: Intel(R) PRO/1000 Network Driver - version 7.3.21-k8-NAPI
[    1.655100] e1000: Copyright (c) 1999-2006 Intel Corporation.
[    1.660454] Fusion MPT SPI Host driver 3.04.20
[    1.685420] AVX2 version of gcm_enc/dec engaged.
[    1.687280] AES CTR mode by8 optimization enabled
[    1.882161] input: ImExPS/2 Generic Explorer Mouse as /devices/platform/i8042/serio1/input/input4
[    2.716121] e1000 0000:00:03.0 eth0: (PCI:33MHz:32-bit) 02:ed:98:3c:8e:82
[    2.728476] e1000 0000:00:03.0 eth0: Intel(R) PRO/1000 Network Connection
[    2.749274] e1000 0000:00:03.0 enp0s3: renamed from eth0
[    2.753499] mptbase: ioc0: Initiating bringup
[    3.692364] ioc0: LSI53C1030 A0: Capabilities={Initiator}
[    6.638766] scsi host2: ioc0: LSI53C1030 A0, FwRev=00000000h, Ports=1, MaxQ=256, IRQ=20
[    8.489286] scsi 2:0:0:0: Direct-Access     VBOX     HARDDISK         1.0  PQ: 0 ANSI: 5
[    8.496939] scsi target2:0:0: Beginning Domain Validation
[    8.500057] scsi target2:0:0: Domain Validation skipping write tests
[    8.501265] scsi target2:0:0: Ending Domain Validation
[    8.502165] scsi target2:0:0: asynchronous
[    8.504652] scsi 2:0:1:0: Direct-Access     VBOX     HARDDISK         1.0  PQ: 0 ANSI: 5
[    8.506204] scsi target2:0:1: Beginning Domain Validation
[    8.512845] scsi target2:0:1: Domain Validation skipping write tests
[    8.515485] scsi target2:0:1: Ending Domain Validation
[    8.516434] scsi target2:0:1: asynchronous
[    8.532124] sd 2:0:0:0: [sda] 83886080 512-byte logical blocks: (42.9 GB/40.0 GiB)
[    8.532475] sd 2:0:0:0: Attached scsi generic sg0 type 0
[    8.534875] sd 2:0:0:0: [sda] Write Protect is off
[    8.539660] sd 2:0:1:0: [sdb] 20480 512-byte logical blocks: (10.5 MB/10.0 MiB)
[    8.539665] sd 2:0:1:0: Attached scsi generic sg1 type 0
[    8.542521] sd 2:0:0:0: [sda] Incomplete mode parameter data
[    8.550772] sd 2:0:0:0: [sda] Assuming drive cache: write through
[    8.552343] sd 2:0:1:0: [sdb] Write Protect is off
[    8.561478] sd 2:0:1:0: [sdb] Incomplete mode parameter data
[    8.562667] sd 2:0:1:0: [sdb] Assuming drive cache: write through
[    8.568527]  sda: sda1
[    8.573166] sd 2:0:0:0: [sda] Attached SCSI disk
[    8.581548] sd 2:0:1:0: [sdb] Attached SCSI disk
Begin: Loading essential drivers ... [   10.067538] md: linear personality registered for level -1
[   10.086838] md: multipath personality registered for level -4
[   10.091142] md: raid0 personality registered for level 0
[   10.115858] md: raid1 personality registered for level 1
[   10.195996] raid6: sse2x1   gen()  5366 MB/s
[   10.270808] raid6: sse2x1   xor()  5866 MB/s
[   10.339368] raid6: sse2x2   gen() 12349 MB/s
[   10.406556] raid6: sse2x2   xor()  8820 MB/s
[   10.474630] raid6: sse2x4   gen() 12242 MB/s
[   10.558268] raid6: sse2x4   xor()  6234 MB/s
[   10.626857] raid6: avx2x1   gen() 11918 MB/s
[   10.694926] raid6: avx2x2   gen() 15666 MB/s
[   10.763845] raid6: avx2x4   gen() 18840 MB/s
[   10.765183] raid6: using algorithm avx2x4 gen() 18840 MB/s
[   10.766897] raid6: using avx2x2 recovery algorithm
[   10.785258] xor: automatically using best checksumming function:
[   10.826869]    avx       : 26260.000 MB/sec
[   10.831819] async_tx: api initialized (async)
[   10.854363] md: raid6 personality registered for level 6
[   10.855975] md: raid5 personality registered for level 5
[   10.856943] md: raid4 personality registered for level 4
[   10.887138] md: raid10 personality registered for level 10
done.
Begin: Running /scripts/init-premount ... done.
Begin: Mounting root file system ... Begin: Running /scripts/local-top ... done.
Begin: Running /scripts/local-premount ... [   10.942193] Btrfs loaded
Scanning for Btrfs filesystems
done.
Warning: fsck not present, so skipping root file system
[   11.102017] EXT4-fs (sda1): mounted filesystem with ordered data mode. Opts: (null)
done.
Begin: Running /scripts/local-bottom ... done.
Begin: Running /scripts/init-bottom ... done.
[   11.313489] systemd[1]: systemd 229 running in system mode. (+PAM +AUDIT +SELINUX +IMA +APPARMOR +SMACK +SYSVINIT +UTMP +LIBCRYPTSETUP +GCRYPT +GNUTLS +ACL +XZ -LZ4 +SECCOMP +BLKID +ELFUTILS +KMOD -IDN)
[   11.320757] systemd[1]: Detected virtualization oracle.
[   11.322298] systemd[1]: Detected architecture x86-64.

Welcome to [1mUbuntu 16.04.7 LTS[0m!

[   11.339305] systemd[1]: Set hostname to <ubuntu-xenial>.
[   11.636303] systemd[1]: Listening on Syslog Socket.
[[0;32m  OK  [0m] Listening on Syslog Socket.
[   11.638837] systemd[1]: Listening on Device-mapper event daemon FIFOs.
[[0;32m  OK  [0m] Listening on Device-mapper event daemon FIFOs.
[   11.640862] systemd[1]: Listening on udev Control Socket.
[[0;32m  OK  [0m] Listening on udev Control Socket.
[   11.643624] systemd[1]: Reached target Swap.
[[0;32m  OK  [0m] Reached target Swap.
[   11.645522] systemd[1]: Created slice User and Session Slice.
[[0;32m  OK  [0m] Created slice User and Session Slice.
[   11.656140] systemd[1]: Listening on LVM2 poll daemon socket.
[[0;32m  OK  [0m] Listening on LVM2 poll daemon socket.
[   11.666975] systemd[1]: Listening on Journal Socket.
[[0;32m  OK  [0m] Listening on Journal Socket.
[   11.671003] systemd[1]: Listening on fsck to fsckd communication Socket.
[[0;32m  OK  [0m] Listening on fsck to fsckd communication Socket.
[   11.673289] systemd[1]: Listening on LVM2 metadata daemon socket.
[[0;32m  OK  [0m] Listening on LVM2 metadata daemon socket.
[   11.675232] systemd[1]: Listening on /dev/initctl Compatibility Named Pipe.
[[0;32m  OK  [0m] Listening on /dev/initctl Compatibility Named Pipe.
[   11.677247] systemd[1]: Reached target User and Group Name Lookups.
[[0;32m  OK  [0m] Reached target User and Group Name Lookups.
[   11.687659] systemd[1]: Started Forward Password Requests to Wall Directory Watch.
[[0;32m  OK  [0m] Started Forward Password Requests to Wall Directory Watch.
[   11.694533] systemd[1]: Listening on Journal Socket (/dev/log).
[[0;32m  OK  [0m] Listening on Journal Socket (/dev/log).
[   11.709996] systemd[1]: Created slice System Slice.
[[0;32m  OK  [0m] Created slice System Slice.
[   11.734778] systemd[1]: Starting Uncomplicated firewall...
         Starting Uncomplicated firewall...
[   11.739199] systemd[1]: Mounting POSIX Message Queue File System...
         Mounting POSIX Message Queue File System...
[   11.743471] systemd[1]: Starting Monitoring of LVM2 mirrors, snapshots etc. using dmeventd or progress polling...
         Starting Monitoring of LVM2 mirrors... dmeventd or progress polling...
[   11.757996] systemd[1]: Mounting Huge Pages File System...
         Mounting Huge Pages File System...
[   11.769928] systemd[1]: Mounting Debug File System...
         Mounting Debug File Sys[   11.776469] random: nonblocking pool is initialized
tem...
[   11.785349] systemd[1]: Starting Nameserver information manager...
         Starting Nameserver information manager...
[   11.827455] systemd[1]: Reached target Slices.
[[0;32m  OK  [0m] Reached target Slices.
[   11.829789] systemd[1]: Starting Set console keymap...
         Starting Set console keymap...
[   11.837178] systemd[1]: Listening on udev Kernel Socket.
[[0;32m  OK  [0m] Listening on udev Kernel Socket.
[   11.844116] systemd[1]: Listening on Journal Audit Socket.
[[0;32m  OK  [0m] Listening on Journal Audit Socket.
[   11.848502] systemd[1]: Starting Journal Service...
         Starting Journal Service...
[   11.858636] systemd[1]: Set up automount Arbitrary Executable File Formats File System Automount Point.
[[0;32m  OK  [0m] Set up automount Arbitrary Executab...ats File System Automount Point.
[   11.863198] systemd[1]: Starting Create list of required static device nodes for the current kernel...
         Starting Create list of required st... nodes for the current kernel...
[   11.877044] systemd[1]: Starting File System Check on Root Device...
         Starting File System Check on Root Device...
[   11.896448] systemd[1]: Created slice system-serial\x2dgetty.slice.
[[0;32m  OK  [0m] Created slice system-serial\x2dgetty.slice.
[   11.902488] systemd[1]: Reached target System Time Synchronized.
[[0;32m  OK  [0m] Reached target System Time Synchronized.
[   11.911075] systemd[1]: Started Trigger resolvconf update for networkd DNS.
[[0;32m  OK  [0m] Started Trigger resolvconf update for networkd DNS.
[   11.919749] systemd[1]: Reached target Encrypted Volumes.
[[0;32m  OK  [0m] Reached target Encrypted Volumes.
[   11.959318] systemd[1]: Starting Load Kernel Modules...
         Starting Load Kernel Modules...
[   11.963861] systemd[1]: Mounted POSIX Message Queue File System.
[[0;32m  OK  [0m] Mounted POSIX Message Queue File System.
[   11.978971] systemd[1]: Mounted Debug File System.
[[0;32m  OK  [0m] Mounted Debug File System.
[   11.983189] systemd[1]: Mounted Huge Pages File System.
[[0;32m  OK  [0m] Mounted Huge Pages File System.
[   11.988481] systemd[1]: Started Journal Service.
[[0;32m  OK  [0m] Started Journal Service.
[[0;32m  OK  [0m] Started Uncomplicated firewall.
[[0;32m  OK  [0m] Started Set console keymap.
[[0;32m  OK  [0m] Started Create list of required sta...ce nodes for the current kernel.
[[0;32m  OK  [0m] Started File System Check on Root Device.
[[0;32m  OK  [0m] Started Nameserver information manager.
[[   12.029892] Loading iSCSI transport class v2.0-870.
[0;32m  OK  [0m] Started LVM2 metadata daemon.
[[0;32m  OK  [0m] Started File System Check Daemon to report status.
         Starting Remount Root and Kernel File Systems...
         Starting Create Static Device Nodes in /dev...
[   12.061438] EXT4-fs (sda1): re-mounted. Opts: (null)
[[   12.073445] iscsi: registered transport (tcp)
[0;32m  OK  [0m] Started Remount Root and Kernel File Systems.
         Starting Flush Journal to Persistent Storage...
         Starting udev Coldplug all Devices...
         Starting Load/Save Random Seed...
[[0;32m  OK  [0m] Started Load/Save Random Seed.
[   12.138654] systemd-journald[389]: Received request to flush runtime journal from PID 1
[[0;32m  OK  [0m] Started Flush Journal to Persistent Storage.
[[0;32m  OK  [0m] Started Create Static Device Nodes in /dev.
         Starting udev Kernel Device Manager...
[[0;32m  OK  [0m] Started Monitoring of LVM2 mirrors,...ng dmeventd or progress polling.
[[0;32m  OK  [0m] Reached target Local File Systems (Pre).
[[0;32m  OK  [0m] Reached target Local File Systems.
         Starting Set console font and keymap...
         Starting Initial cloud-init job (pre-networking)...
         Starting LSB: AppArmor initialization...
         Starting Create Volatile Files and Directories...
         Starting Tell Plymouth To Write Out Runtime Data...
[[0;32m  OK  [0m] Started Tell Plymouth To Write Out Runtime Data.
[   12.243738] iscsi: registered transport (iser)
[[0;32m  OK  [0m] Started Load Kernel Modules.
         Mounting FUSE Control File System...
         Starting Apply Kernel Variables...
[[0;32m  OK  [0m] Mounted FUSE Control File System.
[[0;32m  OK  [0m] Started udev Coldplug all Devices.
[[0;32m  OK  [0m] Started Create Volatile Files and Directories.
         Starting Update UTMP about System Boot/Shutdown...
[[0;32m  OK  [0m] Started Apply Kernel Variables.
[[0;32m  OK  [0m] Started Update UTMP about System Boot/Shutdown.
[[0;32m  OK  [0m] Started udev Kernel Device Manager.
[[0;32m  OK  [0m] Started Dispatch Password Requests to Console Directory Watch.
[[0;32m  OK  [0m] Started LSB: AppArmor initialization.
[[0;32m  OK  [0m] Found device /dev/ttyS0.
         Starting Load AppArmor profiles managed internally by snapd...
[[0;32m  OK  [0m] Started Load AppArmor profiles managed internally by snapd.
[[0;32m  OK  [0m] Listening on Load/Save RF Kill Switch Status /dev/rfkill Watch.
[[0;32m  OK  [0m] Found device 82540EM Gigabit Ethern...r (PRO/1000 MT Desktop Adapter).
[[0;32m  OK  [0m] Started Set console font and keymap.
[[0;32m  OK  [0m] Created slice system-getty.slice.
[   14.067819] cloud-init[465]: Cloud-init v. 21.1-19-gbad84ad4-0ubuntu1~16.04.2 running 'init-local' at Fri, 30 Apr 2021 13:45:21 +0000. Up 13.54 seconds.
[[0;32m  OK  [0m] Started Initial cloud-init job (pre-networking).
[[0;32m  OK  [0m] Reached target Network (Pre).
[[0;32m  OK  [0m] Started ifup for enp0s3.
         Starting Raise network interfaces...
[[0;32m  OK  [0m] Started Raise network interfaces.
[[0;32m  OK  [0m] Reached target Network.
         Starting Initial cloud-init job (metadata service crawler)...
